Using pre-set license

 COMMAND LINE ARGUMENTS:
/Applications/Unity/Hub/Editor/2020.3.4f1/Unity.app/Contents/MacOS/Unity
-adb2
-batchMode
-noUpm
-name
AssetImportWorker0
-projectPath
/Users/dannyliu/Desktop/REPO/Personal Project
-logFile
Logs/AssetImportWorker0.log
-srvPort
59047
Successfully changed project path to: /Users/dannyliu/Desktop/REPO/Personal Project
/Users/dannyliu/Desktop/REPO/Personal Project
Using Asset Import Pipeline V2.
Refreshing native plugins compatible for Editor in 95.31 ms, found 2 plugins.
Preloading 0 native plugins for Editor in 0.00 ms.
Initialize engine version: 2020.3.4f1 (0abb6314276a)
[Subsystems] Discovering subsystems at path /Applications/Unity/Hub/Editor/2020.3.4f1/Unity.app/Contents/Resources/UnitySubsystems
[Subsystems] Discovering subsystems at path /Users/dannyliu/Desktop/REPO/Personal Project/Assets
GfxDevice: creating device client; threaded=0
2021-05-31 18:02:01.987 Unity[37304:15755326] Color LCD preferred device: Intel(R) Iris(TM) Graphics 6000 (low power)
2021-05-31 18:02:01.987 Unity[37304:15755326] Metal devices available: 1
2021-05-31 18:02:01.987 Unity[37304:15755326] 0: Intel(R) Iris(TM) Graphics 6000 (low power)
2021-05-31 18:02:01.988 Unity[37304:15755326] Using device Intel(R) Iris(TM) Graphics 6000 (low power)
Initializing Metal device caps: Intel(R) Iris(TM) Graphics 6000
Initialize mono
Mono path[0] = '/Applications/Unity/Hub/Editor/2020.3.4f1/Unity.app/Contents/Managed'
Mono path[1] = '/Applications/Unity/Hub/Editor/2020.3.4f1/Unity.app/Contents/MonoBleedingEdge/lib/mono/unityjit'
Mono config path = '/Applications/Unity/Hub/Editor/2020.3.4f1/Unity.app/Contents/MonoBleedingEdge/etc'
Using monoOptions --debugger-agent=transport=dt_socket,embedding=1,server=y,suspend=n,address=127.0.0.1:56304
Begin MonoManager ReloadAssembly
Registering precompiled unity dll's ...
Register platform support module: /Applications/Unity/Hub/Editor/2020.3.4f1/PlaybackEngines/WebGLSupport/UnityEditor.WebGL.Extensions.dll
Register platform support module: /Applications/Unity/Hub/Editor/2020.3.4f1/Unity.app/Contents/PlaybackEngines/MacStandaloneSupport/UnityEditor.OSXStandalone.Extensions.dll
Register platform support module: /Applications/Unity/Hub/Editor/2020.3.4f1/PlaybackEngines/WindowsStandaloneSupport/UnityEditor.WindowsStandalone.Extensions.dll
Registered in 0.017346 seconds.
Native extension for WindowsStandalone target not found
Native extension for OSXStandalone target not found
Native extension for WebGL target not found
Refreshing native plugins compatible for Editor in 146.12 ms, found 2 plugins.
Preloading 0 native plugins for Editor in 0.00 ms.
Mono: successfully reloaded assembly
- Completed reload, in 13.412 seconds
Platform modules already initialized, skipping
Registering precompiled user dll's ...
Registered in 0.002825 seconds.
Begin MonoManager ReloadAssembly
Native extension for WindowsStandalone target not found
Native extension for OSXStandalone target not found
Native extension for WebGL target not found
Refreshing native plugins compatible for Editor in 65.53 ms, found 2 plugins.
Preloading 0 native plugins for Editor in 0.00 ms.
Mono: successfully reloaded assembly
- Completed reload, in  2.576 seconds
Platform modules already initialized, skipping
========================================================================
Worker process is ready to serve import requests
Launching external process: /Applications/Unity/Hub/Editor/2020.3.4f1/Unity.app/Contents/Tools/UnityShaderCompiler
Launched and connected shader compiler UnityShaderCompiler after 0.03 seconds
Refreshing native plugins compatible for Editor in 0.85 ms, found 2 plugins.
Preloading 0 native plugins for Editor in 0.00 ms.
Unloading 1814 Unused Serialized files (Serialized files now loaded: 0)
System memory in use before: 145.2 MB.
System memory in use after: 145.1 MB.

Unloading 24 unused Assets to reduce memory usage. Loaded Objects now: 2256.
Total: 3.967611 ms (FindLiveObjects: 0.514983 ms CreateObjectMapping: 0.129674 ms MarkObjects: 3.061454 ms  DeleteObjects: 0.258730 ms)

========================================================================
Received Import Request.
  path: Assets/Scripts/Player_Health.cs
  artifactKey: Guid(5ab04f0dee86e4ac682c5961396406f4) Importer(815301076,1909f56bfc062723c751e8b465ee728b)
Start importing Assets/Scripts/Player_Health.cs using Guid(5ab04f0dee86e4ac682c5961396406f4) Importer(815301076,1909f56bfc062723c751e8b465ee728b)  -> (artifact id: 'c40233f7430dfd0ad872232add11b867') in 0.968944 seconds
  Import took 0.982118 seconds .

========================================================================
Received Prepare
Registering precompiled user dll's ...
Registered in 0.001315 seconds.
Begin MonoManager ReloadAssembly
Native extension for WindowsStandalone target not found
Native extension for OSXStandalone target not found
Native extension for WebGL target not found
Refreshing native plugins compatible for Editor in 0.84 ms, found 2 plugins.
Preloading 0 native plugins for Editor in 0.00 ms.
Mono: successfully reloaded assembly
- Completed reload, in  2.521 seconds
Platform modules already initialized, skipping
Refreshing native plugins compatible for Editor in 0.65 ms, found 2 plugins.
Preloading 0 native plugins for Editor in 0.00 ms.
Unloading 1809 Unused Serialized files (Serialized files now loaded: 0)
System memory in use before: 149.8 MB.
System memory in use after: 149.8 MB.

Unloading 12 unused Assets to reduce memory usage. Loaded Objects now: 2260.
Total: 7.348880 ms (FindLiveObjects: 0.592773 ms CreateObjectMapping: 0.216301 ms MarkObjects: 6.296671 ms  DeleteObjects: 0.239600 ms)

========================================================================
Received Prepare
Registering precompiled user dll's ...
Registered in 0.000930 seconds.
Begin MonoManager ReloadAssembly
Native extension for WindowsStandalone target not found
Native extension for OSXStandalone target not found
Native extension for WebGL target not found
Refreshing native plugins compatible for Editor in 0.73 ms, found 2 plugins.
Preloading 0 native plugins for Editor in 0.00 ms.
Mono: successfully reloaded assembly
- Completed reload, in  2.642 seconds
Platform modules already initialized, skipping
Refreshing native plugins compatible for Editor in 0.43 ms, found 2 plugins.
Preloading 0 native plugins for Editor in 0.00 ms.
Unloading 1809 Unused Serialized files (Serialized files now loaded: 0)
System memory in use before: 150.0 MB.
System memory in use after: 150.0 MB.

Unloading 12 unused Assets to reduce memory usage. Loaded Objects now: 2264.
Total: 3.394777 ms (FindLiveObjects: 0.493962 ms CreateObjectMapping: 0.213681 ms MarkObjects: 2.453213 ms  DeleteObjects: 0.231731 ms)

========================================================================
Received Prepare
Registering precompiled user dll's ...
Registered in 0.000790 seconds.
Begin MonoManager ReloadAssembly
Native extension for WindowsStandalone target not found
Native extension for OSXStandalone target not found
Native extension for WebGL target not found
Refreshing native plugins compatible for Editor in 0.64 ms, found 2 plugins.
Preloading 0 native plugins for Editor in 0.00 ms.
Mono: successfully reloaded assembly
- Completed reload, in  1.993 seconds
Platform modules already initialized, skipping
Refreshing native plugins compatible for Editor in 1.64 ms, found 2 plugins.
Preloading 0 native plugins for Editor in 0.00 ms.
Unloading 1809 Unused Serialized files (Serialized files now loaded: 0)
System memory in use before: 150.3 MB.
System memory in use after: 150.2 MB.

Unloading 12 unused Assets to reduce memory usage. Loaded Objects now: 2268.
Total: 3.495895 ms (FindLiveObjects: 0.459524 ms CreateObjectMapping: 0.157343 ms MarkObjects: 2.697401 ms  DeleteObjects: 0.179091 ms)

========================================================================
Received Prepare
Registering precompiled user dll's ...
Registered in 0.003122 seconds.
Begin MonoManager ReloadAssembly
Native extension for WindowsStandalone target not found
Native extension for OSXStandalone target not found
Native extension for WebGL target not found
Refreshing native plugins compatible for Editor in 0.45 ms, found 2 plugins.
Preloading 0 native plugins for Editor in 0.00 ms.
Mono: successfully reloaded assembly
- Completed reload, in  2.481 seconds
Platform modules already initialized, skipping
Refreshing native plugins compatible for Editor in 0.64 ms, found 2 plugins.
Preloading 0 native plugins for Editor in 0.00 ms.
Unloading 1809 Unused Serialized files (Serialized files now loaded: 0)
System memory in use before: 150.5 MB.
System memory in use after: 150.4 MB.

Unloading 12 unused Assets to reduce memory usage. Loaded Objects now: 2272.
Total: 4.221912 ms (FindLiveObjects: 0.540258 ms CreateObjectMapping: 0.141511 ms MarkObjects: 3.285698 ms  DeleteObjects: 0.251754 ms)

========================================================================
Received Prepare
Registering precompiled user dll's ...
Registered in 0.000823 seconds.
Begin MonoManager ReloadAssembly
Native extension for WindowsStandalone target not found
Native extension for OSXStandalone target not found
Native extension for WebGL target not found
Refreshing native plugins compatible for Editor in 0.54 ms, found 2 plugins.
Preloading 0 native plugins for Editor in 0.00 ms.
Mono: successfully reloaded assembly
- Completed reload, in  2.314 seconds
Platform modules already initialized, skipping
Refreshing native plugins compatible for Editor in 0.62 ms, found 2 plugins.
Preloading 0 native plugins for Editor in 0.00 ms.
Unloading 1809 Unused Serialized files (Serialized files now loaded: 0)
System memory in use before: 150.7 MB.
System memory in use after: 150.6 MB.

Unloading 12 unused Assets to reduce memory usage. Loaded Objects now: 2276.
Total: 3.847321 ms (FindLiveObjects: 0.354212 ms CreateObjectMapping: 0.110282 ms MarkObjects: 3.191816 ms  DeleteObjects: 0.188233 ms)

========================================================================
Received Prepare
Registering precompiled user dll's ...
Registered in 0.002710 seconds.
Begin MonoManager ReloadAssembly
Native extension for WindowsStandalone target not found
Native extension for OSXStandalone target not found
Native extension for WebGL target not found
Refreshing native plugins compatible for Editor in 0.41 ms, found 2 plugins.
Preloading 0 native plugins for Editor in 0.00 ms.
Mono: successfully reloaded assembly
- Completed reload, in  1.918 seconds
Platform modules already initialized, skipping
Refreshing native plugins compatible for Editor in 0.73 ms, found 2 plugins.
Preloading 0 native plugins for Editor in 0.00 ms.
Unloading 1809 Unused Serialized files (Serialized files now loaded: 0)
System memory in use before: 150.9 MB.
System memory in use after: 150.8 MB.

Unloading 12 unused Assets to reduce memory usage. Loaded Objects now: 2280.
Total: 4.271681 ms (FindLiveObjects: 0.493950 ms CreateObjectMapping: 0.126775 ms MarkObjects: 3.439387 ms  DeleteObjects: 0.209348 ms)

========================================================================
Received Prepare
Registering precompiled user dll's ...
Registered in 0.001790 seconds.
Begin MonoManager ReloadAssembly
Native extension for WindowsStandalone target not found
Native extension for OSXStandalone target not found
Native extension for WebGL target not found
Refreshing native plugins compatible for Editor in 0.46 ms, found 2 plugins.
Preloading 0 native plugins for Editor in 0.00 ms.
Mono: successfully reloaded assembly
- Completed reload, in  2.602 seconds
Platform modules already initialized, skipping
Refreshing native plugins compatible for Editor in 0.74 ms, found 2 plugins.
Preloading 0 native plugins for Editor in 0.00 ms.
Unloading 1809 Unused Serialized files (Serialized files now loaded: 0)
System memory in use before: 151.1 MB.
System memory in use after: 151.1 MB.

Unloading 12 unused Assets to reduce memory usage. Loaded Objects now: 2284.
Total: 4.885204 ms (FindLiveObjects: 0.651590 ms CreateObjectMapping: 0.268862 ms MarkObjects: 3.650903 ms  DeleteObjects: 0.311974 ms)

========================================================================
Received Prepare
Registering precompiled user dll's ...
Registered in 0.002032 seconds.
Begin MonoManager ReloadAssembly
Native extension for WindowsStandalone target not found
Native extension for OSXStandalone target not found
Native extension for WebGL target not found
Refreshing native plugins compatible for Editor in 0.70 ms, found 2 plugins.
Preloading 0 native plugins for Editor in 0.00 ms.
Mono: successfully reloaded assembly
- Completed reload, in  3.188 seconds
Platform modules already initialized, skipping
Refreshing native plugins compatible for Editor in 0.72 ms, found 2 plugins.
Preloading 0 native plugins for Editor in 0.00 ms.
Unloading 1809 Unused Serialized files (Serialized files now loaded: 0)
System memory in use before: 151.3 MB.
System memory in use after: 151.2 MB.

Unloading 12 unused Assets to reduce memory usage. Loaded Objects now: 2288.
Total: 7.769643 ms (FindLiveObjects: 0.456062 ms CreateObjectMapping: 0.149752 ms MarkObjects: 6.897910 ms  DeleteObjects: 0.262674 ms)

========================================================================
Received Prepare
Registering precompiled user dll's ...
Registered in 0.002125 seconds.
Begin MonoManager ReloadAssembly
Native extension for WindowsStandalone target not found
Native extension for OSXStandalone target not found
Native extension for WebGL target not found
Refreshing native plugins compatible for Editor in 0.83 ms, found 2 plugins.
Preloading 0 native plugins for Editor in 0.00 ms.
Mono: successfully reloaded assembly
- Completed reload, in  3.644 seconds
Platform modules already initialized, skipping
Refreshing native plugins compatible for Editor in 0.46 ms, found 2 plugins.
Preloading 0 native plugins for Editor in 0.00 ms.
Unloading 1809 Unused Serialized files (Serialized files now loaded: 0)
System memory in use before: 151.5 MB.
System memory in use after: 151.5 MB.

Unloading 12 unused Assets to reduce memory usage. Loaded Objects now: 2292.
Total: 2.851090 ms (FindLiveObjects: 0.284669 ms CreateObjectMapping: 0.075292 ms MarkObjects: 2.300625 ms  DeleteObjects: 0.187670 ms)

========================================================================
Received Prepare
Registering precompiled user dll's ...
Registered in 0.003937 seconds.
Begin MonoManager ReloadAssembly
Native extension for WindowsStandalone target not found
Native extension for OSXStandalone target not found
Native extension for WebGL target not found
Refreshing native plugins compatible for Editor in 0.45 ms, found 2 plugins.
Preloading 0 native plugins for Editor in 0.00 ms.
Mono: successfully reloaded assembly
- Completed reload, in  3.754 seconds
Platform modules already initialized, skipping
Refreshing native plugins compatible for Editor in 0.66 ms, found 2 plugins.
Preloading 0 native plugins for Editor in 0.00 ms.
Unloading 1809 Unused Serialized files (Serialized files now loaded: 0)
System memory in use before: 151.7 MB.
System memory in use after: 151.6 MB.

Unloading 12 unused Assets to reduce memory usage. Loaded Objects now: 2296.
Total: 2.805298 ms (FindLiveObjects: 0.439428 ms CreateObjectMapping: 0.079713 ms MarkObjects: 2.141679 ms  DeleteObjects: 0.142249 ms)

========================================================================
Received Prepare
Registering precompiled user dll's ...
Registered in 0.002830 seconds.
Begin MonoManager ReloadAssembly
Native extension for WindowsStandalone target not found
Native extension for OSXStandalone target not found
Native extension for WebGL target not found
Refreshing native plugins compatible for Editor in 3.33 ms, found 2 plugins.
Preloading 0 native plugins for Editor in 0.00 ms.
Mono: successfully reloaded assembly
- Completed reload, in  5.078 seconds
Platform modules already initialized, skipping
Refreshing native plugins compatible for Editor in 3.34 ms, found 2 plugins.
Preloading 0 native plugins for Editor in 0.00 ms.
Unloading 1809 Unused Serialized files (Serialized files now loaded: 0)
System memory in use before: 151.9 MB.
System memory in use after: 151.9 MB.

Unloading 12 unused Assets to reduce memory usage. Loaded Objects now: 2300.
Total: 5.428794 ms (FindLiveObjects: 0.600539 ms CreateObjectMapping: 0.248353 ms MarkObjects: 4.169453 ms  DeleteObjects: 0.408197 ms)

========================================================================
Received Prepare
Registering precompiled user dll's ...
Registered in 0.000900 seconds.
Begin MonoManager ReloadAssembly
Native extension for WindowsStandalone target not found
Native extension for OSXStandalone target not found
Native extension for WebGL target not found
Refreshing native plugins compatible for Editor in 0.56 ms, found 2 plugins.
Preloading 0 native plugins for Editor in 0.00 ms.
Mono: successfully reloaded assembly
- Completed reload, in  2.004 seconds
Platform modules already initialized, skipping
Refreshing native plugins compatible for Editor in 0.48 ms, found 2 plugins.
Preloading 0 native plugins for Editor in 0.00 ms.
Unloading 1809 Unused Serialized files (Serialized files now loaded: 0)
System memory in use before: 152.1 MB.
System memory in use after: 152.1 MB.

Unloading 12 unused Assets to reduce memory usage. Loaded Objects now: 2304.
Total: 4.581425 ms (FindLiveObjects: 0.497334 ms CreateObjectMapping: 0.168617 ms MarkObjects: 3.697040 ms  DeleteObjects: 0.215883 ms)

========================================================================
Received Prepare
Registering precompiled user dll's ...
Registered in 0.002795 seconds.
Begin MonoManager ReloadAssembly
Native extension for WindowsStandalone target not found
Native extension for OSXStandalone target not found
Native extension for WebGL target not found
Refreshing native plugins compatible for Editor in 0.44 ms, found 2 plugins.
Preloading 0 native plugins for Editor in 0.00 ms.
Mono: successfully reloaded assembly
- Completed reload, in  1.923 seconds
Platform modules already initialized, skipping
Refreshing native plugins compatible for Editor in 1.09 ms, found 2 plugins.
Preloading 0 native plugins for Editor in 0.00 ms.
Unloading 1809 Unused Serialized files (Serialized files now loaded: 0)
System memory in use before: 152.3 MB.
System memory in use after: 152.3 MB.

Unloading 12 unused Assets to reduce memory usage. Loaded Objects now: 2308.
Total: 3.313366 ms (FindLiveObjects: 0.313860 ms CreateObjectMapping: 0.111220 ms MarkObjects: 2.718225 ms  DeleteObjects: 0.165732 ms)

========================================================================
Received Prepare
Registering precompiled user dll's ...
Registered in 0.001393 seconds.
Begin MonoManager ReloadAssembly
Native extension for WindowsStandalone target not found
Native extension for OSXStandalone target not found
Native extension for WebGL target not found
Refreshing native plugins compatible for Editor in 0.74 ms, found 2 plugins.
Preloading 0 native plugins for Editor in 0.00 ms.
Mono: successfully reloaded assembly
- Completed reload, in  2.402 seconds
Platform modules already initialized, skipping
Refreshing native plugins compatible for Editor in 0.53 ms, found 2 plugins.
Preloading 0 native plugins for Editor in 0.00 ms.
Unloading 1809 Unused Serialized files (Serialized files now loaded: 0)
System memory in use before: 152.5 MB.
System memory in use after: 152.5 MB.

Unloading 12 unused Assets to reduce memory usage. Loaded Objects now: 2312.
Total: 5.506568 ms (FindLiveObjects: 0.352289 ms CreateObjectMapping: 0.134197 ms MarkObjects: 4.723135 ms  DeleteObjects: 0.293905 ms)

========================================================================
Received Prepare
Registering precompiled user dll's ...
Registered in 0.002261 seconds.
Begin MonoManager ReloadAssembly
Native extension for WindowsStandalone target not found
Native extension for OSXStandalone target not found
Native extension for WebGL target not found
Refreshing native plugins compatible for Editor in 0.54 ms, found 2 plugins.
Preloading 0 native plugins for Editor in 0.00 ms.
Mono: successfully reloaded assembly
- Completed reload, in  2.065 seconds
Platform modules already initialized, skipping
Refreshing native plugins compatible for Editor in 1.21 ms, found 2 plugins.
Preloading 0 native plugins for Editor in 0.00 ms.
Unloading 1809 Unused Serialized files (Serialized files now loaded: 0)
System memory in use before: 152.7 MB.
System memory in use after: 152.7 MB.

Unloading 12 unused Assets to reduce memory usage. Loaded Objects now: 2316.
Total: 7.909559 ms (FindLiveObjects: 0.596060 ms CreateObjectMapping: 0.460812 ms MarkObjects: 4.199691 ms  DeleteObjects: 2.650422 ms)

========================================================================
Received Prepare
Registering precompiled user dll's ...
Registered in 0.001852 seconds.
Begin MonoManager ReloadAssembly
Native extension for WindowsStandalone target not found
Native extension for OSXStandalone target not found
Native extension for WebGL target not found
Refreshing native plugins compatible for Editor in 0.42 ms, found 2 plugins.
Preloading 0 native plugins for Editor in 0.00 ms.
Mono: successfully reloaded assembly
- Completed reload, in  1.588 seconds
Platform modules already initialized, skipping
Refreshing native plugins compatible for Editor in 0.51 ms, found 2 plugins.
Preloading 0 native plugins for Editor in 0.00 ms.
Unloading 1809 Unused Serialized files (Serialized files now loaded: 0)
System memory in use before: 152.9 MB.
System memory in use after: 152.9 MB.

Unloading 12 unused Assets to reduce memory usage. Loaded Objects now: 2320.
Total: 4.782076 ms (FindLiveObjects: 0.452746 ms CreateObjectMapping: 0.146272 ms MarkObjects: 3.974548 ms  DeleteObjects: 0.205082 ms)

========================================================================
Received Prepare
Registering precompiled user dll's ...
Registered in 0.001638 seconds.
Begin MonoManager ReloadAssembly
Native extension for WindowsStandalone target not found
Native extension for OSXStandalone target not found
Native extension for WebGL target not found
Refreshing native plugins compatible for Editor in 0.46 ms, found 2 plugins.
Preloading 0 native plugins for Editor in 0.00 ms.
Mono: successfully reloaded assembly
- Completed reload, in  2.767 seconds
Platform modules already initialized, skipping
Refreshing native plugins compatible for Editor in 0.61 ms, found 2 plugins.
Preloading 0 native plugins for Editor in 0.00 ms.
Unloading 1809 Unused Serialized files (Serialized files now loaded: 0)
System memory in use before: 153.1 MB.
System memory in use after: 153.1 MB.

Unloading 12 unused Assets to reduce memory usage. Loaded Objects now: 2324.
Total: 4.638717 ms (FindLiveObjects: 0.378175 ms CreateObjectMapping: 0.103244 ms MarkObjects: 3.930472 ms  DeleteObjects: 0.224390 ms)

========================================================================
Received Prepare
Registering precompiled user dll's ...
Registered in 0.003904 seconds.
Begin MonoManager ReloadAssembly
Native extension for WindowsStandalone target not found
Native extension for OSXStandalone target not found
Native extension for WebGL target not found
Refreshing native plugins compatible for Editor in 0.46 ms, found 2 plugins.
Preloading 0 native plugins for Editor in 0.00 ms.
Mono: successfully reloaded assembly
- Completed reload, in  2.403 seconds
Platform modules already initialized, skipping
Refreshing native plugins compatible for Editor in 0.51 ms, found 2 plugins.
Preloading 0 native plugins for Editor in 0.00 ms.
Unloading 1809 Unused Serialized files (Serialized files now loaded: 0)
System memory in use before: 153.3 MB.
System memory in use after: 153.3 MB.

Unloading 12 unused Assets to reduce memory usage. Loaded Objects now: 2328.
Total: 3.138970 ms (FindLiveObjects: 0.376655 ms CreateObjectMapping: 0.107029 ms MarkObjects: 2.474730 ms  DeleteObjects: 0.178414 ms)

========================================================================
Received Import Request.
  Time since last request: 55010.263743 seconds.
  path: Assets/Sprites/Health Bar.psd
  artifactKey: Guid(2d8f112ae316e4d20813b800cff20988) Importer(815301076,1909f56bfc062723c751e8b465ee728b)
Start importing Assets/Sprites/Health Bar.psd using Guid(2d8f112ae316e4d20813b800cff20988) Importer(815301076,1909f56bfc062723c751e8b465ee728b)  -> (artifact id: '30c709cd264eeda26dcdde6977416598') in 1.422591 seconds
  Import took 1.482458 seconds .

========================================================================
Received Import Request.
  Time since last request: 13.114047 seconds.
  path: Assets/Sprites/Health Bar.psd
  artifactKey: Guid(2d8f112ae316e4d20813b800cff20988) Importer(815301076,1909f56bfc062723c751e8b465ee728b)
Start importing Assets/Sprites/Health Bar.psd using Guid(2d8f112ae316e4d20813b800cff20988) Importer(815301076,1909f56bfc062723c751e8b465ee728b)  -> (artifact id: '680b6e6451b12a7bf3afdbc46b8686b0') in 0.048672 seconds
  Import took 0.058168 seconds .

========================================================================
Received Import Request.
  Time since last request: 0.011091 seconds.
  path: Assets/Sprites/Health Bar.psd
  artifactKey: Guid(2d8f112ae316e4d20813b800cff20988) Importer(815301076,1909f56bfc062723c751e8b465ee728b)
Start importing Assets/Sprites/Health Bar.psd using Guid(2d8f112ae316e4d20813b800cff20988) Importer(815301076,1909f56bfc062723c751e8b465ee728b)  -> (artifact id: '680b6e6451b12a7bf3afdbc46b8686b0') in 0.015536 seconds
  Import took 0.031275 seconds .

========================================================================
Received Import Request.
  Time since last request: 5.268435 seconds.
  path: Assets/Sprites/Health Bar.psd
  artifactKey: Guid(2d8f112ae316e4d20813b800cff20988) Importer(815301076,1909f56bfc062723c751e8b465ee728b)
Start importing Assets/Sprites/Health Bar.psd using Guid(2d8f112ae316e4d20813b800cff20988) Importer(815301076,1909f56bfc062723c751e8b465ee728b)  -> (artifact id: 'e096a42b121df71f53736b0986e7d3b8') in 0.017388 seconds
  Import took 0.026580 seconds .

========================================================================
Received Import Request.
  Time since last request: 0.089976 seconds.
  path: Assets/Sprites/Health Bar.psd
  artifactKey: Guid(2d8f112ae316e4d20813b800cff20988) Importer(815301076,1909f56bfc062723c751e8b465ee728b)
Start importing Assets/Sprites/Health Bar.psd using Guid(2d8f112ae316e4d20813b800cff20988) Importer(815301076,1909f56bfc062723c751e8b465ee728b)  -> (artifact id: 'e096a42b121df71f53736b0986e7d3b8') in 0.018580 seconds
  Import took 0.029445 seconds .

========================================================================
Received Import Request.
  Time since last request: 44.407144 seconds.
  path: Assets/Sprites/Health Bar.psd
  artifactKey: Guid(2d8f112ae316e4d20813b800cff20988) Importer(815301076,1909f56bfc062723c751e8b465ee728b)
Start importing Assets/Sprites/Health Bar.psd using Guid(2d8f112ae316e4d20813b800cff20988) Importer(815301076,1909f56bfc062723c751e8b465ee728b)  -> (artifact id: 'ad00952b0f245d3ccc42c206dd588bd1') in 0.034683 seconds
  Import took 0.045800 seconds .

========================================================================
Received Import Request.
  Time since last request: 0.006668 seconds.
  path: Assets/Sprites/Health Bar.psd
  artifactKey: Guid(2d8f112ae316e4d20813b800cff20988) Importer(815301076,1909f56bfc062723c751e8b465ee728b)
Start importing Assets/Sprites/Health Bar.psd using Guid(2d8f112ae316e4d20813b800cff20988) Importer(815301076,1909f56bfc062723c751e8b465ee728b)  -> (artifact id: 'ad00952b0f245d3ccc42c206dd588bd1') in 0.014361 seconds
  Import took 0.023485 seconds .

========================================================================
Received Import Request.
  Time since last request: 76.973859 seconds.
  path: Assets/Sprites/Health Bar.psd
  artifactKey: Guid(2d8f112ae316e4d20813b800cff20988) Importer(815301076,1909f56bfc062723c751e8b465ee728b)
Start importing Assets/Sprites/Health Bar.psd using Guid(2d8f112ae316e4d20813b800cff20988) Importer(815301076,1909f56bfc062723c751e8b465ee728b)  -> (artifact id: 'bf036d79de491e0cd91cfa0898f1a8ee') in 0.018435 seconds
  Import took 0.029024 seconds .

========================================================================
Received Import Request.
  Time since last request: 0.009422 seconds.
  path: Assets/Sprites/Health Bar.psd
  artifactKey: Guid(2d8f112ae316e4d20813b800cff20988) Importer(815301076,1909f56bfc062723c751e8b465ee728b)
Start importing Assets/Sprites/Health Bar.psd using Guid(2d8f112ae316e4d20813b800cff20988) Importer(815301076,1909f56bfc062723c751e8b465ee728b)  -> (artifact id: 'bf036d79de491e0cd91cfa0898f1a8ee') in 0.017139 seconds
  Import took 0.025973 seconds .

========================================================================
Received Import Request.
  Time since last request: 19.375748 seconds.
  path: Assets/Sprites/Health Bar.psd
  artifactKey: Guid(2d8f112ae316e4d20813b800cff20988) Importer(815301076,1909f56bfc062723c751e8b465ee728b)
Start importing Assets/Sprites/Health Bar.psd using Guid(2d8f112ae316e4d20813b800cff20988) Importer(815301076,1909f56bfc062723c751e8b465ee728b)  -> (artifact id: 'a38ef296c4e23a38a40c696407b36806') in 0.024740 seconds
  Import took 0.047675 seconds .

========================================================================
Received Import Request.
  Time since last request: 0.021209 seconds.
  path: Assets/Sprites/Health Bar.psd
  artifactKey: Guid(2d8f112ae316e4d20813b800cff20988) Importer(815301076,1909f56bfc062723c751e8b465ee728b)
Start importing Assets/Sprites/Health Bar.psd using Guid(2d8f112ae316e4d20813b800cff20988) Importer(815301076,1909f56bfc062723c751e8b465ee728b)  -> (artifact id: 'a38ef296c4e23a38a40c696407b36806') in 0.019343 seconds
  Import took 0.027661 seconds .

========================================================================
Received Import Request.
  Time since last request: 161.027010 seconds.
  path: Assets/Sprites/Health Bar.psd
  artifactKey: Guid(2d8f112ae316e4d20813b800cff20988) Importer(815301076,1909f56bfc062723c751e8b465ee728b)
Start importing Assets/Sprites/Health Bar.psd using Guid(2d8f112ae316e4d20813b800cff20988) Importer(815301076,1909f56bfc062723c751e8b465ee728b)  -> (artifact id: '81230f5131f8da591ffa85c70f31553f') in 0.019007 seconds
  Import took 0.028005 seconds .

========================================================================
Received Import Request.
  Time since last request: 0.151779 seconds.
  path: Assets/Sprites/Health Bar.psd
  artifactKey: Guid(2d8f112ae316e4d20813b800cff20988) Importer(815301076,1909f56bfc062723c751e8b465ee728b)
Start importing Assets/Sprites/Health Bar.psd using Guid(2d8f112ae316e4d20813b800cff20988) Importer(815301076,1909f56bfc062723c751e8b465ee728b)  -> (artifact id: '81230f5131f8da591ffa85c70f31553f') in 0.019652 seconds
  Import took 0.028125 seconds .

========================================================================
Received Import Request.
  Time since last request: 9.454775 seconds.
  path: Assets/Sprites/Health Bar.psd
  artifactKey: Guid(2d8f112ae316e4d20813b800cff20988) Importer(815301076,1909f56bfc062723c751e8b465ee728b)
Start importing Assets/Sprites/Health Bar.psd using Guid(2d8f112ae316e4d20813b800cff20988) Importer(815301076,1909f56bfc062723c751e8b465ee728b)  -> (artifact id: '99d6cacccbc7ccb31eb7d2f5df85afa8') in 0.013980 seconds
  Import took 0.022719 seconds .

========================================================================
Received Import Request.
  Time since last request: 0.051695 seconds.
  path: Assets/Sprites/Health Bar.psd
  artifactKey: Guid(2d8f112ae316e4d20813b800cff20988) Importer(815301076,1909f56bfc062723c751e8b465ee728b)
Start importing Assets/Sprites/Health Bar.psd using Guid(2d8f112ae316e4d20813b800cff20988) Importer(815301076,1909f56bfc062723c751e8b465ee728b)  -> (artifact id: '99d6cacccbc7ccb31eb7d2f5df85afa8') in 0.041040 seconds
  Import took 0.048249 seconds .

